c:\users\тишка\source\repos\projectsfml\projectsfml\x64\debug\vc143.pdb
c:\users\тишка\source\repos\projectsfml\projectsfml\x64\debug\vc143.idb
c:\users\тишка\source\repos\projectsfml\projectsfml\x64\debug\main.obj
c:\users\тишка\source\repos\projectsfml\projectsfml\x64\debug\camera.obj
c:\users\тишка\source\repos\projectsfml\projectsfml\x64\debug\engine.obj
c:\users\тишка\source\repos\projectsfml\projectsfml\x64\debug\animation.obj
c:\users\тишка\source\repos\projectsfml\projectsfml\x64\debug\player.obj
c:\users\тишка\source\repos\projectsfml\projectsfml\x64\debug\animforplayer.obj
c:\users\тишка\source\repos\projectsfml\projectsfml\x64\debug\debuginteface.obj
c:\users\тишка\source\repos\projectsfml\x64\debug\projectsfml.exe
c:\users\тишка\source\repos\projectsfml\x64\debug\projectsfml.pdb
c:\users\тишка\source\repos\projectsfml\projectsfml\x64\debug\projectsfml.ilk
c:\users\тишка\source\repos\projectsfml\projectsfml\x64\debug\animrun.obj
c:\users\тишка\source\repos\projectsfml\projectsfml\x64\debug\rectangle.obj
c:\users\тишка\source\repos\projectsfml\projectsfml\x64\debug\sound.obj
c:\users\тишка\source\repos\projectsfml\projectsfml\x64\debug\soundforplayer.obj
c:\users\тишка\source\repos\projectsfml\projectsfml\x64\debug\main.obj.enc
c:\users\тишка\source\repos\projectsfml\projectsfml\x64\debug\projectsfml.tlog\cl.command.1.tlog
c:\users\тишка\source\repos\projectsfml\projectsfml\x64\debug\projectsfml.tlog\cl.items.tlog
c:\users\тишка\source\repos\projectsfml\projectsfml\x64\debug\projectsfml.tlog\cl.read.1.tlog
c:\users\тишка\source\repos\projectsfml\projectsfml\x64\debug\projectsfml.tlog\cl.write.1.tlog
c:\users\тишка\source\repos\projectsfml\projectsfml\x64\debug\projectsfml.tlog\link.command.1.tlog
c:\users\тишка\source\repos\projectsfml\projectsfml\x64\debug\projectsfml.tlog\link.read.1.tlog
c:\users\тишка\source\repos\projectsfml\projectsfml\x64\debug\projectsfml.tlog\link.secondary.1.tlog
c:\users\тишка\source\repos\projectsfml\projectsfml\x64\debug\projectsfml.tlog\link.write.1.tlog
